<?xml version="1.0" encoding="UTF-8"?>
<testng-results skipped="0" failed="0" total="1" passed="1">
  <reporter-output>
  </reporter-output>
  <suite name="P1Regression" duration-ms="39682" started-at="2018-10-07T14:43:40Z" finished-at="2018-10-07T14:44:19Z">
    <groups>
    </groups>
    <test name="CG25000H" duration-ms="39682" started-at="2018-10-07T14:43:40Z" finished-at="2018-10-07T14:44:19Z">
      <class name="com.lenovo.buy.CG25000H">
        <test-method status="PASS" signature="setup()[pri:0, instance:com.lenovo.buy.CG25000H@402a079c]" name="setup" is-config="true" duration-ms="2911" started-at="2018-10-07T22:43:40Z" finished-at="2018-10-07T22:43:43Z">
          <reporter-output>
          </reporter-output>
        </test-method> <!-- setup -->
        <test-method status="PASS" signature="test()[pri:0, instance:com.lenovo.buy.CG25000H@402a079c]" name="test" duration-ms="36059" started-at="2018-10-07T22:43:43Z" finished-at="2018-10-07T22:44:19Z">
          <reporter-output>
          </reporter-output>
        </test-method> <!-- test -->
        <test-method status="PASS" signature="breakDowm()[pri:0, instance:com.lenovo.buy.CG25000H@402a079c]" name="breakDowm" is-config="true" duration-ms="697" started-at="2018-10-07T22:44:19Z" finished-at="2018-10-07T22:44:19Z">
          <reporter-output>
          </reporter-output>
        </test-method> <!-- breakDowm -->
      </class> <!-- com.lenovo.buy.CG25000H -->
    </test> <!-- CG25000H -->
  </suite> <!-- P1Regression -->
</testng-results>
